[debug] [2022-09-10T12:12:38.512Z] ----------------------------------------------------------------------
[debug] [2022-09-10T12:12:38.513Z] Command:       C:\Program Files\nodejs\node.exe C:\Users\a\AppData\Roaming\npm\node_modules\firebase-tools\lib\bin\firebase.js init
[debug] [2022-09-10T12:12:38.514Z] CLI Version:   11.8.1
[debug] [2022-09-10T12:12:38.514Z] Platform:      win32
[debug] [2022-09-10T12:12:38.514Z] Node Version:  v16.15.1
[debug] [2022-09-10T12:12:38.514Z] Time:          Sat Sep 10 2022 19:12:38 GMT+0700 (Indochina Time)
[debug] [2022-09-10T12:12:38.514Z] ----------------------------------------------------------------------
[debug] 
[debug] [2022-09-10T12:12:38.518Z] > command requires scopes: ["email","openid","https://www.googleapis.com/auth/cloudplatformprojects.readonly","https://www.googleapis.com/auth/firebase","https://www.googleapis.com/auth/cloud-platform"]
[debug] [2022-09-10T12:12:38.518Z] > authorizing via signed-in user (rachmana1994@gmail.com)
[info] 
     ######## #### ########  ######## ########     ###     ######  ########
     ##        ##  ##     ## ##       ##     ##  ##   ##  ##       ##
     ######    ##  ########  ######   ########  #########  ######  ######
     ##        ##  ##    ##  ##       ##     ## ##     ##       ## ##
     ##       #### ##     ## ######## ########  ##     ##  ######  ########

You're about to initialize a Firebase project in this directory:

  E:\GitHub\Tagihanku

[info] 
=== Project Setup
[info] 
[info] First, let's associate this project directory with a Firebase project.
[info] You can create multiple project aliases by running firebase use --add, 
[info] but for now we'll just set up a default project.
[info] 
[debug] [2022-09-10T12:12:53.643Z] >>> [apiv2][query] GET https://firebase.googleapis.com/v1beta1/projects pageSize=100
[debug] [2022-09-10T12:12:54.364Z] <<< [apiv2][status] GET https://firebase.googleapis.com/v1beta1/projects 200
[debug] [2022-09-10T12:12:54.364Z] <<< [apiv2][body] GET https://firebase.googleapis.com/v1beta1/projects [omitted]
[info] i  Using project tagihanku-b3632 (Tagihanku) 
[info] 
=== Hosting Setup
[info] 
[info] Your public directory is the folder (relative to your project directory) that
[info] will contain Hosting assets to be uploaded with firebase deploy. If you
[info] have a build process for your assets, use your build's output directory.
[info] 
[info] +  Wrote public/404.html 
[debug] [2022-09-10T12:13:19.517Z] >>> [apiv2][query] GET https://www.gstatic.com/firebasejs/releases.json [none]
[debug] [2022-09-10T12:13:19.611Z] <<< [apiv2][status] GET https://www.gstatic.com/firebasejs/releases.json 200
[debug] [2022-09-10T12:13:19.612Z] <<< [apiv2][body] GET https://www.gstatic.com/firebasejs/releases.json {"current":{"version":"9.9.4","browserURL":"https://www.gstatic.com/firebasejs/9.9.4/firebase.js","packageURL":"https://www.gstatic.com/firebasejs/9.9.4/firebase.tgz"},"live":{"version":"9.9","browserURL":"https://www.gstatic.com/firebasejs/live/9.9/firebase.js","packageURL":"https://www.gstatic.com/firebasejs/live/9.9/firebase.tgz"},"components":{"analytics":"https://www.gstatic.com/firebasejs/9.9.4/firebase-analytics.js","app":"https://www.gstatic.com/firebasejs/9.9.4/firebase-app.js","app-check":"https://www.gstatic.com/firebasejs/9.9.4/firebase-app-check.js","auth":"https://www.gstatic.com/firebasejs/9.9.4/firebase-auth.js","auth/cordova":"https://www.gstatic.com/firebasejs/9.9.4/firebase-auth/cordova.js","auth/react-native":"https://www.gstatic.com/firebasejs/9.9.4/firebase-auth/react-native.js","functions":"https://www.gstatic.com/firebasejs/9.9.4/firebase-functions.js","firestore":"https://www.gstatic.com/firebasejs/9.9.4/firebase-firestore.js","firestore/lite":"https://www.gstatic.com/firebasejs/9.9.4/firebase-firestore/lite.js","installations":"https://www.gstatic.com/firebasejs/9.9.4/firebase-installations.js","storage":"https://www.gstatic.com/firebasejs/9.9.4/firebase-storage.js","performance":"https://www.gstatic.com/firebasejs/9.9.4/firebase-performance.js","remote-config":"https://www.gstatic.com/firebasejs/9.9.4/firebase-remote-config.js","messaging":"https://www.gstatic.com/firebasejs/9.9.4/firebase-messaging.js","messaging/sw":"https://www.gstatic.com/firebasejs/9.9.4/firebase-messaging/sw.js","database":"https://www.gstatic.com/firebasejs/9.9.4/firebase-database.js","firestore.memory":"https://www.gstatic.com/firebasejs/9.9.4/firebase-firestore.memory.js"}}
[info] +  Wrote public/index.html 
[info] 
[info] i  Detected a .git folder at E:\GitHub\Tagihanku 
[info] i  Authorizing with GitHub to upload your service account to a GitHub repository's secrets store. 
[info] 
[info] Visit this URL on this device to log in:
[info] https://github.com/login/oauth/authorize?client_id=89cf50f02ac6aaed3484&state=637442044&redirect_uri=http%3A%2F%2Flocalhost%3A9005&scope=read%3Auser%20repo%20public_repo
[info] 
[info] Waiting for authentication...
[debug] [2022-09-10T12:13:29.881Z] >>> [apiv2][query] POST https://github.com/login/oauth/access_token [none]
[debug] [2022-09-10T12:13:29.881Z] >>> [apiv2][body] POST https://github.com/login/oauth/access_token [stream]
[debug] [2022-09-10T12:13:30.298Z] <<< [apiv2][status] POST https://github.com/login/oauth/access_token 200
[debug] [2022-09-10T12:13:30.298Z] <<< [apiv2][body] POST https://github.com/login/oauth/access_token {"access_token":"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","token_type":"bearer","scope":"read:user,repo"}
[debug] [2022-09-10T12:13:30.301Z] >>> [apiv2][query] GET https://api.github.com/user [none]
[debug] [2022-09-10T12:13:31.788Z] <<< [apiv2][status] GET https://api.github.com/user 200
[debug] [2022-09-10T12:13:31.788Z] <<< [apiv2][body] GET https://api.github.com/user {"login":"mefrik","id":46659577,"node_id":"MDQ6VXNlcjQ2NjU5NTc3","avatar_url":"https://avatars.githubusercontent.com/u/46659577?v=4","gravatar_id":"","url":"https://api.github.com/users/mefrik","html_url":"https://github.com/mefrik","followers_url":"https://api.github.com/users/mefrik/followers","following_url":"https://api.github.com/users/mefrik/following{/other_user}","gists_url":"https://api.github.com/users/mefrik/gists{/gist_id}","starred_url":"https://api.github.com/users/mefrik/starred{/owner}{/repo}","subscriptions_url":"https://api.github.com/users/mefrik/subscriptions","organizations_url":"https://api.github.com/users/mefrik/orgs","repos_url":"https://api.github.com/users/mefrik/repos","events_url":"https://api.github.com/users/mefrik/events{/privacy}","received_events_url":"https://api.github.com/users/mefrik/received_events","type":"User","site_admin":false,"name":"Aditya Rachman","company":null,"blog":"https://www.linkedin.com/in/adityarachman/","location":"Indonesian","email":null,"hireable":true,"bio":"Very interested in the world of the :\r\nInternet of Things (IoT), \r\nArtificial intelligence, \r\nSpace exploration, \r\nTechnology development. ","twitter_username":null,"public_repos":10,"public_gists":0,"followers":1,"following":0,"created_at":"2019-01-13T23:59:32Z","updated_at":"2022-09-10T12:13:30Z","private_gists":0,"total_private_repos":6,"owned_private_repos":6,"disk_usage":26257,"collaborators":0,"two_factor_authentication":false,"plan":{"name":"free","space":976562499,"collaborators":0,"private_repos":10000}}
[info] 
[info] +  Success! Logged into GitHub as mefrik 
[info] 
[debug] [2022-09-10T13:07:44.214Z] Error: kill ENOSYS
    at process.kill (node:internal/process/per_thread:220:13)
    at process.listener (C:\Users\a\AppData\Roaming\npm\node_modules\firebase-tools\node_modules\signal-exit\index.js:95:15)
    at process.emit (node:events:527:28)
[error] 
[error] Error: An unexpected error has occurred.
